<?xml version="1.0" encoding="UTF-8"?>
<testng-results ignored="0" total="5" passed="4" failed="1" skipped="0">
  <reporter-output>
  </reporter-output>
  <suite started-at="2023-07-21T18:02:22 IST" name="Default suite" finished-at="2023-07-21T18:11:48 IST" duration-ms="565814">
    <groups>
    </groups>
    <test started-at="2023-07-21T18:02:22 IST" name="Default test" finished-at="2023-07-21T18:11:48 IST" duration-ms="565814">
      <class name="homeScreen.HomeScreen">
        <test-method signature="splachScreen()[pri:1, instance:homeScreen.HomeScreen@7690781]" started-at="2023-07-21T18:02:22 IST" name="splachScreen" finished-at="2023-07-21T18:02:53 IST" duration-ms="30898" status="PASS">
          <reporter-output>
          </reporter-output>
        </test-method> <!-- splachScreen -->
        <test-method signature="clickOnHomeTab()[pri:2, instance:homeScreen.HomeScreen@7690781]" started-at="2023-07-21T18:02:53 IST" name="clickOnHomeTab" finished-at="2023-07-21T18:02:57 IST" duration-ms="4667" status="PASS">
          <reporter-output>
          </reporter-output>
        </test-method> <!-- clickOnHomeTab -->
        <test-method signature="clickOnUpgradeIcon()[pri:4, instance:homeScreen.HomeScreen@7690781]" started-at="2023-07-21T18:02:57 IST" name="clickOnUpgradeIcon" finished-at="2023-07-21T18:03:08 IST" duration-ms="10483" status="FAIL">
          <exception class="java.lang.AssertionError">
            <message>
              <![CDATA[expected [Upgrade to Premium] but found [null]]]>
            </message>
            <full-stacktrace>
              <![CDATA[java.lang.AssertionError: expected [Upgrade to Premium] but found [null]
at org.testng.Assert.fail(Assert.java:99)
at org.testng.Assert.failNotEquals(Assert.java:1037)
at org.testng.Assert.assertEqualsImpl(Assert.java:140)
at org.testng.Assert.assertEquals(Assert.java:122)
at org.testng.Assert.assertEquals(Assert.java:629)
at org.testng.Assert.assertEquals(Assert.java:639)
at homeScreen.HomeScreen.clickOnUpgradeIcon(HomeScreen.java:87)
at java.base/jdk.internal.reflect.NativeMethodAccessorImpl.invoke0(Native Method)
at java.base/jdk.internal.reflect.NativeMethodAccessorImpl.invoke(NativeMethodAccessorImpl.java:77)
at java.base/jdk.internal.reflect.DelegatingMethodAccessorImpl.invoke(DelegatingMethodAccessorImpl.java:43)
at java.base/java.lang.reflect.Method.invoke(Method.java:568)
at org.testng.internal.MethodInvocationHelper.invokeMethod(MethodInvocationHelper.java:132)
at org.testng.internal.TestInvoker.invokeMethod(TestInvoker.java:599)
at org.testng.internal.TestInvoker.invokeTestMethod(TestInvoker.java:174)
at org.testng.internal.MethodRunner.runInSequence(MethodRunner.java:46)
at org.testng.internal.TestInvoker$MethodInvocationAgent.invoke(TestInvoker.java:822)
at org.testng.internal.TestInvoker.invokeTestMethods(TestInvoker.java:147)
at org.testng.internal.TestMethodWorker.invokeTestMethods(TestMethodWorker.java:146)
at org.testng.internal.TestMethodWorker.run(TestMethodWorker.java:128)
at java.base/java.util.ArrayList.forEach(ArrayList.java:1511)
at org.testng.TestRunner.privateRun(TestRunner.java:764)
at org.testng.TestRunner.run(TestRunner.java:585)
at org.testng.SuiteRunner.runTest(SuiteRunner.java:384)
at org.testng.SuiteRunner.runSequentially(SuiteRunner.java:378)
at org.testng.SuiteRunner.privateRun(SuiteRunner.java:337)
at org.testng.SuiteRunner.run(SuiteRunner.java:286)
at org.testng.SuiteRunnerWorker.runSuite(SuiteRunnerWorker.java:53)
at org.testng.SuiteRunnerWorker.run(SuiteRunnerWorker.java:96)
at org.testng.TestNG.runSuitesSequentially(TestNG.java:1218)
at org.testng.TestNG.runSuitesLocally(TestNG.java:1140)
at org.testng.TestNG.runSuites(TestNG.java:1069)
at org.testng.TestNG.run(TestNG.java:1037)
at org.testng.remote.AbstractRemoteTestNG.run(AbstractRemoteTestNG.java:115)
at org.testng.remote.RemoteTestNG.initAndRun(RemoteTestNG.java:251)
at org.testng.remote.RemoteTestNG.main(RemoteTestNG.java:77)
]]>
            </full-stacktrace>
          </exception> <!-- java.lang.AssertionError -->
          <reporter-output>
          </reporter-output>
        </test-method> <!-- clickOnUpgradeIcon -->
        <test-method signature="clickOnSetting()[pri:5, instance:homeScreen.HomeScreen@7690781]" started-at="2023-07-21T18:03:08 IST" name="clickOnSetting" finished-at="2023-07-21T18:03:26 IST" duration-ms="17609" status="PASS">
          <reporter-output>
          </reporter-output>
        </test-method> <!-- clickOnSetting -->
        <test-method signature="layoutEverythingButtonClickDeom()[pri:10, instance:homeScreen.HomeScreen@7690781]" started-at="2023-07-21T18:03:26 IST" name="layoutEverythingButtonClickDeom" finished-at="2023-07-21T18:11:48 IST" duration-ms="502113" status="PASS">
          <reporter-output>
          </reporter-output>
        </test-method> <!-- layoutEverythingButtonClickDeom -->
      </class> <!-- homeScreen.HomeScreen -->
    </test> <!-- Default test -->
  </suite> <!-- Default suite -->
</testng-results>
